Assembler report for DE2_i2sound
Tue Dec 02 10:13:15 2025
Quartus Prime Version 18.1.1 Build 646 04/11/2019 SJ Lite Edition


---------------------
; Table of Contents ;
---------------------
  1. Legal Notice
  2. Assembler Summary
  3. Assembler Settings
  4. Assembler Encrypted IP Cores Summary
  5. Assembler Generated Files
  6. Assembler Device Options: U:/SimonGameV1-1hj1jhm/SimonGameV1_restored/DE2_i2sound.sof
  7. Assembler Device Options: U:/SimonGameV1-1hj1jhm/SimonGameV1_restored/DE2_i2sound.pof
  8. Assembler Messages



----------------
; Legal Notice ;
----------------
Copyright (C) 2019  Intel Corporation. All rights reserved.
Your use of Intel Corporation's design tools, logic functions 
and other software and tools, and any partner logic 
functions, and any output files from any of the foregoing 
(including device programming or simulation files), and any 
associated documentation or information are expressly subject 
to the terms and conditions of the Intel Program License 
Subscription Agreement, the Intel Quartus Prime License Agreement,
the Intel FPGA IP License Agreement, or other applicable license
agreement, including, without limitation, that your use is for
the sole purpose of programming logic devices manufactured by
Intel and sold by Intel or its authorized distributors.  Please
refer to the applicable agreement for further details, at
https://fpgasoftware.intel.com/eula.



+---------------------------------------------------------------+
; Assembler Summary                                             ;
+-----------------------+---------------------------------------+
; Assembler Status      ; Successful - Tue Dec 02 10:13:15 2025 ;
; Revision Name         ; DE2_i2sound                           ;
; Top-level Entity Name ; CODEC                                 ;
; Family                ; Cyclone IV E                          ;
; Device                ; EP4CE115F29C7                         ;
+-----------------------+---------------------------------------+


+----------------------------------+
; Assembler Settings               ;
+--------+---------+---------------+
; Option ; Setting ; Default Value ;
+--------+---------+---------------+


+------------------------------------------------+
; Assembler Encrypted IP Cores Summary           ;
+--------+------------------------+--------------+
; Vendor ; IP Core Name           ; License Type ;
+--------+------------------------+--------------+
; Altera ; Signal Tap (6AF7 BCE1) ; Licensed     ;
; Altera ; Signal Tap (6AF7 BCEC) ; Licensed     ;
+--------+------------------------+--------------+


+-------------------------------------------------------------+
; Assembler Generated Files                                   ;
+-------------------------------------------------------------+
; File Name                                                   ;
+-------------------------------------------------------------+
; U:/SimonGameV1-1hj1jhm/SimonGameV1_restored/DE2_i2sound.sof ;
; U:/SimonGameV1-1hj1jhm/SimonGameV1_restored/DE2_i2sound.pof ;
+-------------------------------------------------------------+


+---------------------------------------------------------------------------------------+
; Assembler Device Options: U:/SimonGameV1-1hj1jhm/SimonGameV1_restored/DE2_i2sound.sof ;
+----------------+----------------------------------------------------------------------+
; Option         ; Setting                                                              ;
+----------------+----------------------------------------------------------------------+
; JTAG usercode  ; 0xFFFFFFFF                                                           ;
; Checksum       ; 0x006B7AF0                                                           ;
+----------------+----------------------------------------------------------------------+


+---------------------------------------------------------------------------------------+
; Assembler Device Options: U:/SimonGameV1-1hj1jhm/SimonGameV1_restored/DE2_i2sound.pof ;
+--------------------+------------------------------------------------------------------+
; Option             ; Setting                                                          ;
+--------------------+------------------------------------------------------------------+
; JTAG usercode      ; 0x00000000                                                       ;
; Checksum           ; 0x710C77C5                                                       ;
; Compression Ratio  ; 3                                                                ;
+--------------------+------------------------------------------------------------------+


+--------------------+
; Assembler Messages ;
+--------------------+
Info: *******************************************************************
Info: Running Quartus Prime Assembler
    Info: Version 18.1.1 Build 646 04/11/2019 SJ Lite Edition
    Info: Processing started: Tue Dec 02 10:13:04 2025
Info: Command: quartus_asm --read_settings_files=off --write_settings_files=off CODECProject -c DE2_i2sound
Info (115031): Writing out detailed assembly data for power analysis
Info (115030): Assembler is generating device programming files
Info: Quartus Prime Assembler was successful. 0 errors, 0 warnings
    Info: Peak virtual memory: 4703 megabytes
    Info: Processing ended: Tue Dec 02 10:13:16 2025
    Info: Elapsed time: 00:00:12
    Info: Total CPU time (on all processors): 00:00:03


